Compilación iniciada a las 15/03/2018 12:02:10.
     1>Proyecto "C:\Users\flavi\Documents\GitHub\cosasturbias\Memoria global\PECL1APA\PECL1APA.vcxproj" en el nodo 2 (Build destinos).
     1>AddCudaCompileDeps:
         C:\Program Files (x86)\Microsoft Visual Studio 12.0\VC\bin\cl.exe /E /nologo /showIncludes /TP /D__CUDACC__ /DWIN32 /D_DEBUG /D_CONSOLE /D_MBCS /I"C:\Program Files\NVIDIA GPU Computing Toolkit\CUDA\v8.0\include" /I"C:\Program Files\NVIDIA GPU Computing Toolkit\CUDA\v8.0\bin" /I"C:\Program Files\NVIDIA GPU Computing Toolkit\CUDA\v8.0\include" /I. /FIcuda_runtime.h /c "C:\Users\flavi\Documents\GitHub\cosasturbias\Memoria global\PECL1APA\kernel.cu" 
     1>El proyecto "C:\Users\flavi\Documents\GitHub\cosasturbias\Memoria global\PECL1APA\PECL1APA.vcxproj" (1) está compilando "C:\Users\flavi\Documents\GitHub\cosasturbias\Memoria global\PECL1APA\PECL1APA.vcxproj" (1:2) en el nodo 2 (CudaBuildCore destinos).
     1>CudaBuildCore:
         Compiling CUDA source file kernel.cu...
         cmd.exe /C "C:\Users\flavi\AppData\Local\Temp\tmp8f75dada42c04d64b47786f7dc864889.cmd"
         "C:\Program Files\NVIDIA GPU Computing Toolkit\CUDA\v8.0\bin\nvcc.exe" -gencode=arch=compute_20,code=\"sm_20,compute_20\" --use-local-env --cl-version 2013 -ccbin "C:\Program Files (x86)\Microsoft Visual Studio 12.0\VC\bin"  -I"C:\Program Files\NVIDIA GPU Computing Toolkit\CUDA\v8.0\include" -I"C:\Program Files\NVIDIA GPU Computing Toolkit\CUDA\v8.0\include"  -G   --keep-dir Debug -maxrregcount=0  --machine 32 --compile -cudart static  -g   -DWIN32 -D_DEBUG -D_CONSOLE -D_MBCS -Xcompiler "/EHsc /W3 /nologo /Od /FS /Zi /RTC1 /MDd " -o Debug\kernel.cu.obj "C:\Users\flavi\Documents\GitHub\cosasturbias\Memoria global\PECL1APA\kernel.cu"
         
         C:\Users\flavi\Documents\GitHub\cosasturbias\Memoria global\PECL1APA>"C:\Program Files\NVIDIA GPU Computing Toolkit\CUDA\v8.0\bin\nvcc.exe" -gencode=arch=compute_20,code=\"sm_20,compute_20\" --use-local-env --cl-version 2013 -ccbin "C:\Program Files (x86)\Microsoft Visual Studio 12.0\VC\bin"  -I"C:\Program Files\NVIDIA GPU Computing Toolkit\CUDA\v8.0\include" -I"C:\Program Files\NVIDIA GPU Computing Toolkit\CUDA\v8.0\include"  -G   --keep-dir Debug -maxrregcount=0  --machine 32 --compile -cudart static  -g   -DWIN32 -D_DEBUG -D_CONSOLE -D_MBCS -Xcompiler "/EHsc /W3 /nologo /Od /FS /Zi /RTC1 /MDd " -o Debug\kernel.cu.obj "C:\Users\flavi\Documents\GitHub\cosasturbias\Memoria global\PECL1APA\kernel.cu" 
     1>CUDACOMPILE : ptxas warning : Stack size for entry function '_Z11KernelJugarPiiiiiii' cannot be statically determined
     1>CUDACOMPILE : nvcc warning : The 'compute_20', 'sm_20', and 'sm_21' architectures are deprecated, and may be removed in a future release (Use -Wno-deprecated-gpu-targets to suppress warning).
         kernel.cu
     1>C:/Users/flavi/Documents/GitHub/cosasturbias/Memoria global/PECL1APA/kernel.cu(67): warning C4244: 'argumento' : conversión de 'time_t' a 'unsigned int'; posible pérdida de datos
     1>Compilación del proyecto terminada "C:\Users\flavi\Documents\GitHub\cosasturbias\Memoria global\PECL1APA\PECL1APA.vcxproj" (CudaBuildCore destinos).
     1>Link:
         C:\Program Files (x86)\Microsoft Visual Studio 12.0\VC\bin\link.exe /ERRORREPORT:PROMPT /OUT:"C:\Users\flavi\Documents\GitHub\cosasturbias\Memoria global\Debug\PECL1APA.exe" /INCREMENTAL /NOLOGO /LIBPATH:"C:\Program Files\NVIDIA GPU Computing Toolkit\CUDA\v8.0\lib\Win32" cudart.lib kernel32.lib user32.lib gdi32.lib winspool.lib comdlg32.lib advapi32.lib shell32.lib ole32.lib oleaut32.lib uuid.lib odbc32.lib odbccp32.lib kernel32.lib user32.lib gdi32.lib winspool.lib comdlg32.lib advapi32.lib shell32.lib ole32.lib oleaut32.lib uuid.lib odbc32.lib odbccp32.lib /MANIFEST /MANIFESTUAC:"level='asInvoker' uiAccess='false'" /manifest:embed /DEBUG /PDB:"C:\Users\flavi\Documents\GitHub\cosasturbias\Memoria global\Debug\PECL1APA.pdb" /SUBSYSTEM:CONSOLE /TLBID:1 /DYNAMICBASE /NXCOMPAT /IMPLIB:"C:\Users\flavi\Documents\GitHub\cosasturbias\Memoria global\Debug\PECL1APA.lib" /MACHINE:X86 Debug\kernel.cu.obj
         PECL1APA.vcxproj -> C:\Users\flavi\Documents\GitHub\cosasturbias\Memoria global\Debug\PECL1APA.exe
       PostBuildEvent:
         echo copy "C:\Program Files\NVIDIA GPU Computing Toolkit\CUDA\v8.0\bin\cudart*.dll" "C:\Users\flavi\Documents\GitHub\cosasturbias\Memoria global\Debug\"
         copy "C:\Program Files\NVIDIA GPU Computing Toolkit\CUDA\v8.0\bin\cudart*.dll" "C:\Users\flavi\Documents\GitHub\cosasturbias\Memoria global\Debug\"
         :VCEnd
         copy "C:\Program Files\NVIDIA GPU Computing Toolkit\CUDA\v8.0\bin\cudart*.dll" "C:\Users\flavi\Documents\GitHub\cosasturbias\Memoria global\Debug\"
         C:\Program Files\NVIDIA GPU Computing Toolkit\CUDA\v8.0\bin\cudart32_80.dll
         C:\Program Files\NVIDIA GPU Computing Toolkit\CUDA\v8.0\bin\cudart64_80.dll
                 2 archivo(s) copiado(s).
     1>Compilación del proyecto terminada "C:\Users\flavi\Documents\GitHub\cosasturbias\Memoria global\PECL1APA\PECL1APA.vcxproj" (Build destinos).

Compilación correcta.

Tiempo transcurrido 00:00:17.59
